# JRE version: Java(TM) SE Runtime Environment (8.0_25-b18) (build 1.8.0_25-b18)
# Java VM: Java HotSpot(TM) 64-Bit Server VM (25.25-b02 mixed mode windows-amd64 compressed oops)
Heap:
 PSYoungGen      total 51712K, used 22091K [0x00000007bc400000, 0x00000007c0000000, 0x00000007c0000000)
  eden space 43008K, 34% used [0x00000007bc400000,0x00000007bd27c718,0x00000007bee00000)
  from space 8704K, 83% used [0x00000007bf780000,0x00000007bfe967a8,0x00000007c0000000)
  to   space 9216K, 0% used [0x00000007bee00000,0x00000007bee00000,0x00000007bf700000)
 ParOldGen       total 155648K, used 39801K [0x0000000700000000, 0x0000000709800000, 0x00000007bc400000)
  object space 155648K, 25% used [0x0000000700000000,0x00000007026de6f8,0x0000000709800000)
 Metaspace       used 54101K, capacity 54471K, committed 55088K, reserved 1095680K
  class space    used 7770K, capacity 7864K, committed 7984K, reserved 1048576K
GC Heap History (10 events):
Event: 513.939 GC heap before
{Heap before GC invocations=47 (full 5):
 PSYoungGen      total 52736K, used 49183K [0x00000007bc400000, 0x00000007c0000000, 0x00000007c0000000)
  eden space 44032K, 100% used [0x00000007bc400000,0x00000007bef00000,0x00000007bef00000)
  from space 8704K, 59% used [0x00000007bef00000,0x00000007bf407f10,0x00000007bf780000)
  to   space 8704K, 0% used [0x00000007bf780000,0x00000007bf780000,0x00000007c0000000)
 ParOldGen       total 155648K, used 39785K [0x0000000700000000, 0x0000000709800000, 0x00000007bc400000)
  object space 155648K, 25% used [0x0000000700000000,0x00000007026da6f8,0x0000000709800000)
 Metaspace       used 53363K, capacity 53697K, committed 54320K, reserved 1095680K
  class space    used 7558K, capacity 7607K, committed 7728K, reserved 1048576K
Event: 513.943 GC heap after
Heap after GC invocations=47 (full 5):
 PSYoungGen      total 52736K, used 5100K [0x00000007bc400000, 0x00000007c0000000, 0x00000007c0000000)
  eden space 44032K, 0% used [0x00000007bc400000,0x00000007bc400000,0x00000007bef00000)
  from space 8704K, 58% used [0x00000007bf780000,0x00000007bfc7b2b0,0x00000007c0000000)
  to   space 8704K, 0% used [0x00000007bef00000,0x00000007bef00000,0x00000007bf780000)
 ParOldGen       total 155648K, used 39785K [0x0000000700000000, 0x0000000709800000, 0x00000007bc400000)
  object space 155648K, 25% used [0x0000000700000000,0x00000007026da6f8,0x0000000709800000)
 Metaspace       used 53363K, capacity 53697K, committed 54320K, reserved 1095680K
  class space    used 7558K, capacity 7607K, committed 7728K, reserved 1048576K
}
Event: 515.209 GC heap before
{Heap before GC invocations=48 (full 5):
 PSYoungGen      total 52736K, used 37170K [0x00000007bc400000, 0x00000007c0000000, 0x00000007c0000000)
  eden space 44032K, 72% used [0x00000007bc400000,0x00000007be351850,0x00000007bef00000)
  from space 8704K, 58% used [0x00000007bf780000,0x00000007bfc7b2b0,0x00000007c0000000)
  to   space 8704K, 0% used [0x00000007bef00000,0x00000007bef00000,0x00000007bf780000)
 ParOldGen       total 155648K, used 39785K [0x0000000700000000, 0x0000000709800000, 0x00000007bc400000)
  object space 155648K, 25% used [0x0000000700000000,0x00000007026da6f8,0x0000000709800000)
 Metaspace       used 53367K, capacity 53697K, committed 54320K, reserved 1095680K
  class space    used 7558K, capacity 7607K, committed 7728K, reserved 1048576K
Event: 515.213 GC heap after
Heap after GC invocations=48 (full 5):
 PSYoungGen      total 52736K, used 5106K [0x00000007bc400000, 0x00000007c0000000, 0x00000007c0000000)
  eden space 44032K, 0% used [0x00000007bc400000,0x00000007bc400000,0x00000007bef00000)
  from space 8704K, 58% used [0x00000007bef00000,0x00000007bf3fc980,0x00000007bf780000)
  to   space 8704K, 0% used [0x00000007bf780000,0x00000007bf780000,0x00000007c0000000)
 ParOldGen       total 155648K, used 39785K [0x0000000700000000, 0x0000000709800000, 0x00000007bc400000)
  object space 155648K, 25% used [0x0000000700000000,0x00000007026da6f8,0x0000000709800000)
 Metaspace       used 53367K, capacity 53697K, committed 54320K, reserved 1095680K
  class space    used 7558K, capacity 7607K, committed 7728K, reserved 1048576K
}
Event: 516.601 GC heap before
{Heap before GC invocations=49 (full 5):
 PSYoungGen      total 52736K, used 49138K [0x00000007bc400000, 0x00000007c0000000, 0x00000007c0000000)
  eden space 44032K, 100% used [0x00000007bc400000,0x00000007bef00000,0x00000007bef00000)
  from space 8704K, 58% used [0x00000007bef00000,0x00000007bf3fc980,0x00000007bf780000)
  to   space 8704K, 0% used [0x00000007bf780000,0x00000007bf780000,0x00000007c0000000)
 ParOldGen       total 155648K, used 39785K [0x0000000700000000, 0x0000000709800000, 0x00000007bc400000)
  object space 155648K, 25% used [0x0000000700000000,0x00000007026da6f8,0x0000000709800000)
 Metaspace       used 53384K, capacity 53697K, committed 54320K, reserved 1095680K
  class space    used 7558K, capacity 7607K, committed 7728K, reserved 1048576K
Event: 516.607 GC heap after
Heap after GC invocations=49 (full 5):
 PSYoungGen      total 52736K, used 5437K [0x00000007bc400000, 0x00000007c0000000, 0x00000007c0000000)
  eden space 44032K, 0% used [0x00000007bc400000,0x00000007bc400000,0x00000007bef00000)
  from space 8704K, 62% used [0x00000007bf780000,0x00000007bfccf560,0x00000007c0000000)
  to   space 8704K, 0% used [0x00000007bef00000,0x00000007bef00000,0x00000007bf780000)
 ParOldGen       total 155648K, used 39793K [0x0000000700000000, 0x0000000709800000, 0x00000007bc400000)
  object space 155648K, 25% used [0x0000000700000000,0x00000007026dc6f8,0x0000000709800000)
 Metaspace       used 53384K, capacity 53697K, committed 54320K, reserved 1095680K
  class space    used 7558K, capacity 7607K, committed 7728K, reserved 1048576K
}
Event: 517.357 GC heap before
{Heap before GC invocations=50 (full 5):
 PSYoungGen      total 52736K, used 49469K [0x00000007bc400000, 0x00000007c0000000, 0x00000007c0000000)
  eden space 44032K, 100% used [0x00000007bc400000,0x00000007bef00000,0x00000007bef00000)
  from space 8704K, 62% used [0x00000007bf780000,0x00000007bfccf560,0x00000007c0000000)
  to   space 8704K, 0% used [0x00000007bef00000,0x00000007bef00000,0x00000007bf780000)
 ParOldGen       total 155648K, used 39793K [0x0000000700000000, 0x0000000709800000, 0x00000007bc400000)
  object space 155648K, 25% used [0x0000000700000000,0x00000007026dc6f8,0x0000000709800000)
 Metaspace       used 53387K, capacity 53697K, committed 54320K, reserved 1095680K
  class space    used 7558K, capacity 7607K, committed 7728K, reserved 1048576K
Event: 517.363 GC heap after
Heap after GC invocations=50 (full 5):
 PSYoungGen      total 52736K, used 5431K [0x00000007bc400000, 0x00000007c0000000, 0x00000007c0000000)
  eden space 44032K, 0% used [0x00000007bc400000,0x00000007bc400000,0x00000007bef00000)
  from space 8704K, 62% used [0x00000007bef00000,0x00000007bf44dc68,0x00000007bf780000)
  to   space 8704K, 0% used [0x00000007bf780000,0x00000007bf780000,0x00000007c0000000)
 ParOldGen       total 155648K, used 39793K [0x0000000700000000, 0x0000000709800000, 0x00000007bc400000)
  object space 155648K, 25% used [0x0000000700000000,0x00000007026dc6f8,0x0000000709800000)
 Metaspace       used 53387K, capacity 53697K, committed 54320K, reserved 1095680K
  class space    used 7558K, capacity 7607K, committed 7728K, reserved 1048576K
}
Event: 528.941 GC heap before
{Heap before GC invocations=51 (full 5):
 PSYoungGen      total 52736K, used 49463K [0x00000007bc400000, 0x00000007c0000000, 0x00000007c0000000)
  eden space 44032K, 100% used [0x00000007bc400000,0x00000007bef00000,0x00000007bef00000)
  from space 8704K, 62% used [0x00000007bef00000,0x00000007bf44dc68,0x00000007bf780000)
  to   space 8704K, 0% used [0x00000007bf780000,0x00000007bf780000,0x00000007c0000000)
 ParOldGen       total 155648K, used 39793K [0x0000000700000000, 0x0000000709800000, 0x00000007bc400000)
  object space 155648K, 25% used [0x0000000700000000,0x00000007026dc6f8,0x0000000709800000)
 Metaspace       used 54025K, capacity 54375K, committed 54960K, reserved 1095680K
  class space    used 7762K, capacity 7832K, committed 7856K, reserved 1048576K
Event: 528.948 GC heap after
Heap after GC invocations=51 (full 5):
 PSYoungGen      total 51712K, used 7257K [0x00000007bc400000, 0x00000007c0000000, 0x00000007c0000000)
  eden space 43008K, 0% used [0x00000007bc400000,0x00000007bc400000,0x00000007bee00000)
  from space 8704K, 83% used [0x00000007bf780000,0x00000007bfe967a8,0x00000007c0000000)
  to   space 9216K, 0% used [0x00000007bee00000,0x00000007bee00000,0x00000007bf700000)
 ParOldGen       total 155648K, used 39801K [0x0000000700000000, 0x0000000709800000, 0x00000007bc400000)
  object space 155648K, 25% used [0x0000000700000000,0x00000007026de6f8,0x0000000709800000)
 Metaspace       used 54025K, capacity 54375K, committed 54960K, reserved 1095680K
  class space    used 7762K, capacity 7832K, committed 7856K, reserved 1048576K
}

