# JRE version: Java(TM) SE Runtime Environment (8.0_25-b18) (build 1.8.0_25-b18)
# Java VM: Java HotSpot(TM) 64-Bit Server VM (25.25-b02 mixed mode windows-amd64 compressed oops)
Heap:
 PSYoungGen      total 45056K, used 32184K [0x00000007bc400000, 0x00000007c0000000, 0x00000007c0000000)
  eden space 36864K, 65% used [0x00000007bc400000,0x00000007bdb6f110,0x00000007be800000)
  from space 8192K, 99% used [0x00000007bf800000,0x00000007bffff2b0,0x00000007c0000000)
  to   space 12288K, 0% used [0x00000007be800000,0x00000007be800000,0x00000007bf400000)
 ParOldGen       total 154624K, used 47958K [0x0000000700000000, 0x0000000709700000, 0x00000007bc400000)
  object space 154624K, 31% used [0x0000000700000000,0x0000000702ed5a60,0x0000000709700000)
 Metaspace       used 53895K, capacity 54235K, committed 54824K, reserved 1095680K
  class space    used 7627K, capacity 7704K, committed 7728K, reserved 1048576K
GC Heap History (10 events):
Event: 358.871 GC heap before
{Heap before GC invocations=46 (full 5):
 PSYoungGen      total 53248K, used 46895K [0x00000007bc400000, 0x00000007c0000000, 0x00000007c0000000)
  eden space 46080K, 88% used [0x00000007bc400000,0x00000007bebaeee8,0x00000007bf100000)
  from space 7168K, 87% used [0x00000007bf900000,0x00000007bff1ce08,0x00000007c0000000)
  to   space 7680K, 0% used [0x00000007bf100000,0x00000007bf100000,0x00000007bf880000)
 ParOldGen       total 154624K, used 37312K [0x0000000700000000, 0x0000000709700000, 0x00000007bc400000)
  object space 154624K, 24% used [0x0000000700000000,0x0000000702470208,0x0000000709700000)
 Metaspace       used 53278K, capacity 53621K, committed 54056K, reserved 1095680K
  class space    used 7567K, capacity 7671K, committed 7728K, reserved 1048576K
Event: 358.885 GC heap after
Heap after GC invocations=46 (full 5):
 PSYoungGen      total 51200K, used 5560K [0x00000007bc400000, 0x00000007c0000000, 0x00000007c0000000)
  eden space 45568K, 0% used [0x00000007bc400000,0x00000007bc400000,0x00000007bf080000)
  from space 5632K, 98% used [0x00000007bf100000,0x00000007bf66e078,0x00000007bf680000)
  to   space 8192K, 0% used [0x00000007bf800000,0x00000007bf800000,0x00000007c0000000)
 ParOldGen       total 154624K, used 37312K [0x0000000700000000, 0x0000000709700000, 0x00000007bc400000)
  object space 154624K, 24% used [0x0000000700000000,0x0000000702470208,0x0000000709700000)
 Metaspace       used 53278K, capacity 53621K, committed 54056K, reserved 1095680K
  class space    used 7567K, capacity 7671K, committed 7728K, reserved 1048576K
}
Event: 358.885 GC heap before
{Heap before GC invocations=47 (full 6):
 PSYoungGen      total 51200K, used 5560K [0x00000007bc400000, 0x00000007c0000000, 0x00000007c0000000)
  eden space 45568K, 0% used [0x00000007bc400000,0x00000007bc400000,0x00000007bf080000)
  from space 5632K, 98% used [0x00000007bf100000,0x00000007bf66e078,0x00000007bf680000)
  to   space 8192K, 0% used [0x00000007bf800000,0x00000007bf800000,0x00000007c0000000)
 ParOldGen       total 154624K, used 37312K [0x0000000700000000, 0x0000000709700000, 0x00000007bc400000)
  object space 154624K, 24% used [0x0000000700000000,0x0000000702470208,0x0000000709700000)
 Metaspace       used 53278K, capacity 53621K, committed 54056K, reserved 1095680K
  class space    used 7567K, capacity 7671K, committed 7728K, reserved 1048576K
Event: 359.139 GC heap after
Heap after GC invocations=47 (full 6):
 PSYoungGen      total 51200K, used 0K [0x00000007bc400000, 0x00000007c0000000, 0x00000007c0000000)
  eden space 45568K, 0% used [0x00000007bc400000,0x00000007bc400000,0x00000007bf080000)
  from space 5632K, 0% used [0x00000007bf100000,0x00000007bf100000,0x00000007bf680000)
  to   space 8192K, 0% used [0x00000007bf800000,0x00000007bf800000,0x00000007c0000000)
 ParOldGen       total 154624K, used 40425K [0x0000000700000000, 0x0000000709700000, 0x00000007bc400000)
  object space 154624K, 26% used [0x0000000700000000,0x000000070277a588,0x0000000709700000)
 Metaspace       used 53278K, capacity 53621K, committed 54056K, reserved 1095680K
  class space    used 7567K, capacity 7671K, committed 7728K, reserved 1048576K
}
Event: 1603.642 GC heap before
{Heap before GC invocations=48 (full 6):
 PSYoungGen      total 51200K, used 45568K [0x00000007bc400000, 0x00000007c0000000, 0x00000007c0000000)
  eden space 45568K, 100% used [0x00000007bc400000,0x00000007bf080000,0x00000007bf080000)
  from space 5632K, 0% used [0x00000007bf100000,0x00000007bf100000,0x00000007bf680000)
  to   space 8192K, 0% used [0x00000007bf800000,0x00000007bf800000,0x00000007c0000000)
 ParOldGen       total 154624K, used 40425K [0x0000000700000000, 0x0000000709700000, 0x00000007bc400000)
  object space 154624K, 26% used [0x0000000700000000,0x000000070277a588,0x0000000709700000)
 Metaspace       used 53657K, capacity 54043K, committed 54568K, reserved 1095680K
  class space    used 7606K, capacity 7704K, committed 7728K, reserved 1048576K
Event: 1603.648 GC heap after
Heap after GC invocations=48 (full 6):
 PSYoungGen      total 53248K, used 2526K [0x00000007bc400000, 0x00000007c0000000, 0x00000007c0000000)
  eden space 45056K, 0% used [0x00000007bc400000,0x00000007bc400000,0x00000007bf000000)
  from space 8192K, 30% used [0x00000007bf800000,0x00000007bfa77a60,0x00000007c0000000)
  to   space 8192K, 0% used [0x00000007bf000000,0x00000007bf000000,0x00000007bf800000)
 ParOldGen       total 154624K, used 40433K [0x0000000700000000, 0x0000000709700000, 0x00000007bc400000)
  object space 154624K, 26% used [0x0000000700000000,0x000000070277c588,0x0000000709700000)
 Metaspace       used 53657K, capacity 54043K, committed 54568K, reserved 1095680K
  class space    used 7606K, capacity 7704K, committed 7728K, reserved 1048576K
}
Event: 1627.026 GC heap before
{Heap before GC invocations=49 (full 6):
 PSYoungGen      total 53248K, used 47355K [0x00000007bc400000, 0x00000007c0000000, 0x00000007c0000000)
  eden space 45056K, 99% used [0x00000007bc400000,0x00000007befc7530,0x00000007bf000000)
  from space 8192K, 30% used [0x00000007bf800000,0x00000007bfa77a60,0x00000007c0000000)
  to   space 8192K, 0% used [0x00000007bf000000,0x00000007bf000000,0x00000007bf800000)
 ParOldGen       total 154624K, used 40433K [0x0000000700000000, 0x0000000709700000, 0x00000007bc400000)
  object space 154624K, 26% used [0x0000000700000000,0x000000070277c588,0x0000000709700000)
 Metaspace       used 53803K, capacity 54171K, committed 54568K, reserved 1095680K
  class space    used 7627K, capacity 7704K, committed 7728K, reserved 1048576K
Event: 1627.031 GC heap after
Heap after GC invocations=49 (full 6):
 PSYoungGen      total 53248K, used 5456K [0x00000007bc400000, 0x00000007c0000000, 0x00000007c0000000)
  eden space 45056K, 0% used [0x00000007bc400000,0x00000007bc400000,0x00000007bf000000)
  from space 8192K, 66% used [0x00000007bf000000,0x00000007bf554390,0x00000007bf800000)
  to   space 8192K, 0% used [0x00000007bf800000,0x00000007bf800000,0x00000007c0000000)
 ParOldGen       total 154624K, used 40433K [0x0000000700000000, 0x0000000709700000, 0x00000007bc400000)
  object space 154624K, 26% used [0x0000000700000000,0x000000070277c588,0x0000000709700000)
 Metaspace       used 53803K, capacity 54171K, committed 54568K, reserved 1095680K
  class space    used 7627K, capacity 7704K, committed 7728K, reserved 1048576K
}
Event: 1631.333 GC heap before
{Heap before GC invocations=50 (full 6):
 PSYoungGen      total 53248K, used 50512K [0x00000007bc400000, 0x00000007c0000000, 0x00000007c0000000)
  eden space 45056K, 100% used [0x00000007bc400000,0x00000007bf000000,0x00000007bf000000)
  from space 8192K, 66% used [0x00000007bf000000,0x00000007bf554390,0x00000007bf800000)
  to   space 8192K, 0% used [0x00000007bf800000,0x00000007bf800000,0x00000007c0000000)
 ParOldGen       total 154624K, used 40433K [0x0000000700000000, 0x0000000709700000, 0x00000007bc400000)
  object space 154624K, 26% used [0x0000000700000000,0x000000070277c588,0x0000000709700000)
 Metaspace       used 53839K, capacity 54235K, committed 54824K, reserved 1095680K
  class space    used 7627K, capacity 7704K, committed 7728K, reserved 1048576K
Event: 1631.340 GC heap after
Heap after GC invocations=50 (full 6):
 PSYoungGen      total 45056K, used 8188K [0x00000007bc400000, 0x00000007c0000000, 0x00000007c0000000)
  eden space 36864K, 0% used [0x00000007bc400000,0x00000007bc400000,0x00000007be800000)
  from space 8192K, 99% used [0x00000007bf800000,0x00000007bffff2b0,0x00000007c0000000)
  to   space 12288K, 0% used [0x00000007be800000,0x00000007be800000,0x00000007bf400000)
 ParOldGen       total 154624K, used 47958K [0x0000000700000000, 0x0000000709700000, 0x00000007bc400000)
  object space 154624K, 31% used [0x0000000700000000,0x0000000702ed5a60,0x0000000709700000)
 Metaspace       used 53839K, capacity 54235K, committed 54824K, reserved 1095680K
  class space    used 7627K, capacity 7704K, committed 7728K, reserved 1048576K
}

